<?xml version="1.0" encoding="UTF-8"?>
<!-- Generated by org.testng.reporters.JUnitReportReporter -->
<testsuite hostname="DESKTOP-2TT3KTR" failures="0" tests="3" name="usag_lab.suag_lab_class" time="15.894" errors="0" timestamp="2023-10-24T11:28:10 EET" skipped="0">
  <testcase classname="usag_lab.suag_lab_class" name="LoginWithProblemUser" time="3.523"/>
  <system-out/>
  <testcase classname="usag_lab.suag_lab_class" name="LoginWithPerformanceUser" time="8.818"/>
  <system-out/>
  <testcase classname="usag_lab.suag_lab_class" name="LoginWithStandardUser" time="3.553"/>
  <system-out/>
</testsuite> <!-- usag_lab.suag_lab_class -->
